make.sh started at 2024-09-12 09:25:04
Executing: latexmk my_project.tex -pdf -bibtex
Rc files read:
  NONE
Latexmk: This is Latexmk, John Collins, 7 Apr. 2024. Version 4.85.
Latexmk: applying rule 'pdflatex'...
Rule 'pdflatex':  Reasons for rerun
Changed files or newly in use/created:
  ../input/figure_hwy.jpg
  ../input/table_reg.tex
  C:/Users/chadi/AppData/Local/MiKTeX/miktex/data/le/pdftex/pdflatex.fmt
  my_project.bbl
Category 'changed_user':
  ../input/figure_hwy.jpg
  ../input/table_reg.tex
  C:/Users/chadi/AppData/Local/MiKTeX/miktex/data/le/pdftex/pdflatex.fmt

------------
Run number 1 of rule 'pdflatex'
------------
------------
Running 'pdflatex  -recorder  "my_project.tex"'
------------
This is pdfTeX, Version 3.141592653-2.6-1.40.26 (MiKTeX 24.4) (preloaded format=pdflatex.fmt)
 restricted \write18 enabled.
entering extended mode
(my_project.tex
LaTeX2e <2024-06-01> patch level 2
L3 programming layer <2024-07-20>
(C:\Users\chadi\AppData\Local\Programs\MiKTeX\tex/latex/base\article.cls
Document Class: article 2024/02/08 v1.4n Standard LaTeX document class
(C:\Users\chadi\AppData\Local\Programs\MiKTeX\tex/latex/base\size12.clo))
(C:\Users\chadi\AppData\Local\Programs\MiKTeX\tex/latex/float\float.sty)
(C:\Users\chadi\AppData\Local\Programs\MiKTeX\tex/latex/amsmath\amsmath.sty
For additional information on amsmath, use the `?' option.
(C:\Users\chadi\AppData\Local\Programs\MiKTeX\tex/latex/amsmath\amstext.sty
(C:\Users\chadi\AppData\Local\Programs\MiKTeX\tex/latex/amsmath\amsgen.sty))
(C:\Users\chadi\AppData\Local\Programs\MiKTeX\tex/latex/amsmath\amsbsy.sty)
(C:\Users\chadi\AppData\Local\Programs\MiKTeX\tex/latex/amsmath\amsopn.sty))
(C:\Users\chadi\AppData\Local\Programs\MiKTeX\tex/latex/amscls\amsthm.sty)
(C:\Users\chadi\AppData\Local\Programs\MiKTeX\tex/latex/amsfonts\amssymb.sty
(C:\Users\chadi\AppData\Local\Programs\MiKTeX\tex/latex/amsfonts\amsfonts.sty))
 (C:\Users\chadi\AppData\Local\Programs\MiKTeX\tex/latex/graphics\graphicx.sty
(C:\Users\chadi\AppData\Local\Programs\MiKTeX\tex/latex/graphics\keyval.sty)
(C:\Users\chadi\AppData\Local\Programs\MiKTeX\tex/latex/graphics\graphics.sty
(C:\Users\chadi\AppData\Local\Programs\MiKTeX\tex/latex/graphics\trig.sty)
(C:\Users\chadi\AppData\Local\Programs\MiKTeX\tex/latex/graphics-cfg\graphics.c
fg)
(C:\Users\chadi\AppData\Local\Programs\MiKTeX\tex/latex/graphics-def\pdftex.def
))) (C:\Users\chadi\AppData\Local\Programs\MiKTeX\tex/latex/natbib\natbib.sty)
(C:\Users\chadi\AppData\Local\Programs\MiKTeX\tex/latex/setspace\setspace.sty)
(C:\Users\chadi\AppData\Local\Programs\MiKTeX\tex/latex/geometry\geometry.sty
(C:\Users\chadi\AppData\Local\Programs\MiKTeX\tex/generic/iftex\ifvtex.sty
(C:\Users\chadi\AppData\Local\Programs\MiKTeX\tex/generic/iftex\iftex.sty))
(C:\Users\chadi\AppData\Local\Programs\MiKTeX\tex/latex/geometry\geometry.cfg))
(C:\Users\chadi\AppData\Local\Programs\MiKTeX\tex/latex/datetime\datetime.sty
(C:\Users\chadi\AppData\Local\Programs\MiKTeX\tex/latex/etoolbox\etoolbox.sty)
(C:\Users\chadi\AppData\Local\Programs\MiKTeX\tex/latex/fmtcount\fmtcount.sty
(C:\Users\chadi\AppData\Local\Programs\MiKTeX\tex/latex/base\ifthen.sty)
(C:\Users\chadi\AppData\Local\Programs\MiKTeX\tex/latex/xkeyval\xkeyval.sty
(C:\Users\chadi\AppData\Local\Programs\MiKTeX\tex/generic/xkeyval\xkeyval.tex
(C:\Users\chadi\AppData\Local\Programs\MiKTeX\tex/generic/xkeyval\xkvutils.tex)
))
(C:\Users\chadi\AppData\Local\Programs\MiKTeX\tex/latex/fmtcount\fcprefix.sty
(C:\Users\chadi\AppData\Local\Programs\MiKTeX\tex/latex/fmtcount\fcnumparser.st
y)))
(C:\Users\chadi\AppData\Local\Programs\MiKTeX\tex/latex/datetime\datetime-defau
lts.sty))
(C:\Users\chadi\AppData\Local\Programs\MiKTeX\tex/latex/booktabs\booktabs.sty)
(C:\Users\chadi\AppData\Local\Programs\MiKTeX\tex/latex/tools\dcolumn.sty
(C:\Users\chadi\AppData\Local\Programs\MiKTeX\tex/latex/tools\array.sty))
(C:\Users\chadi\AppData\Local\Programs\MiKTeX\tex/generic/babel\babel.sty
(C:\Users\chadi\AppData\Local\Programs\MiKTeX\tex/generic/babel\txtbabel.def)
*************************************
* Local config file bblopts.cfg used
*
(C:\Users\chadi\AppData\Local\Programs\MiKTeX\tex/latex/arabi\bblopts.cfg)
(C:\Users\chadi\AppData\Local\Programs\MiKTeX\tex/latex/babel-english\english.l
df))
(C:\Users\chadi\AppData\Local\Programs\MiKTeX\tex/generic/babel/locale/en\babel
-english.tex)
(C:\Users\chadi\AppData\Local\Programs\MiKTeX\tex/latex/psnfss\times.sty)
(C:\Users\chadi\AppData\Local\Programs\MiKTeX\tex/latex/url\url.sty)
(C:\Users\chadi\AppData\Local\Programs\MiKTeX\tex/latex/caption\caption.sty
(C:\Users\chadi\AppData\Local\Programs\MiKTeX\tex/latex/caption\caption3.sty))
(C:\Users\chadi\AppData\Local\Programs\MiKTeX\tex/latex/footmisc\footmisc.sty)
(C:\Users\chadi\AppData\Local\Programs\MiKTeX\tex/latex/psnfss\ot1ptm.fd)
(C:\Users\chadi\AppData\Local\Programs\MiKTeX\tex/latex/l3backend\l3backend-pdf
tex.def) (my_project.aux)
(C:\Users\chadi\AppData\Local\Programs\MiKTeX\tex/context/base/mkii\supp-pdf.mk
ii
[Loading MPS to PDF converter (version 2006.09.02).]
)
(C:\Users\chadi\AppData\Local\Programs\MiKTeX\tex/latex/epstopdf-pkg\epstopdf-b
ase.sty
(C:\Users\chadi\AppData\Local\Programs\MiKTeX\tex/generic/infwarerr\infwarerr.s
ty) (C:\Users\chadi\AppData\Local\Programs\MiKTeX\tex/latex/grfext\grfext.sty
(C:\Users\chadi\AppData\Local\Programs\MiKTeX\tex/generic/kvdefinekeys\kvdefine
keys.sty))
(C:\Users\chadi\AppData\Local\Programs\MiKTeX\tex/latex/kvoptions\kvoptions.sty
(C:\Users\chadi\AppData\Local\Programs\MiKTeX\tex/generic/ltxcmds\ltxcmds.sty)
(C:\Users\chadi\AppData\Local\Programs\MiKTeX\tex/latex/kvsetkeys\kvsetkeys.sty
))
(C:\Users\chadi\AppData\Local\Programs\MiKTeX\tex/generic/pdftexcmds\pdftexcmds
.sty)
(C:\Users\chadi\AppData\Local\Programs\MiKTeX\tex/latex/00miktex\epstopdf-sys.c
fg))
*geometry* driver: auto-detecting
*geometry* detected driver: pdftex
*geometry* verbose mode - [ preamble ] result:
* driver: pdftex
* paper: <default>
* layout: <same size as paper>
* layoutoffset:(h,v)=(0.0pt,0.0pt)
* modes: 
* h-part:(L,W,R)=(72.26999pt, 469.75502pt, 72.26999pt)
* v-part:(T,H,B)=(72.26999pt, 650.43001pt, 72.26999pt)
* \paperwidth=614.295pt
* \paperheight=794.96999pt
* \textwidth=469.75502pt
* \textheight=650.43001pt
* \oddsidemargin=0.0pt
* \evensidemargin=0.0pt
* \topmargin=-37.0pt
* \headheight=12.0pt
* \headsep=25.0pt
* \topskip=12.0pt
* \footskip=30.0pt
* \marginparwidth=44.0pt
* \marginparsep=10.0pt
* \columnsep=10.0pt
* \skip\footins=10.8pt plus 4.0pt minus 2.0pt
* \hoffset=0.0pt
* \voffset=0.0pt
* \mag=1000
* \@twocolumnfalse
* \@twosidefalse
* \@mparswitchfalse
* \@reversemarginfalse
* (1in=72.27pt=25.4mm, 1cm=28.453pt)

(C:\Users\chadi\AppData\Local\Programs\MiKTeX\tex/latex/amsfonts\umsa.fd)
(C:\Users\chadi\AppData\Local\Programs\MiKTeX\tex/latex/amsfonts\umsb.fd)
(C:\Users\chadi\AppData\Local\Programs\MiKTeX\tex/latex/psnfss\ts1ptm.fd)
[1{C:/Users/chadi/AppData/Local/MiKTeX/fonts/map/pdftex/pdftex.map}{C:/Users/ch
adi/AppData/Local/Programs/MiKTeX/fonts/enc/dvips/base/8r.enc}]
[2]
[3]
[4] (my_project.bbl)
[5]
[6 <../input/figure_city.jpg> <../input/figure_hwy.jpg>]
(../input/table_reg.tex)
[7] (my_project.aux) )<C:/Users/chadi/AppData/Local/Programs/MiKTeX/fonts/type1
/public/amsfonts/cm/cmmi12.pfb><C:/Users/chadi/AppData/Local/Programs/MiKTeX/fo
nts/type1/public/amsfonts/cm/cmsy10.pfb><C:/Users/chadi/AppData/Local/Programs/
MiKTeX/fonts/type1/urw/times/utmb8a.pfb><C:/Users/chadi/AppData/Local/Programs/
MiKTeX/fonts/type1/urw/times/utmr8a.pfb><C:/Users/chadi/AppData/Local/Programs/
MiKTeX/fonts/type1/urw/times/utmri8a.pfb>
Output written on my_project.pdf (7 pages, 130441 bytes).
Transcript written on my_project.log.
Latexmk: Getting log file 'my_project.log'
Latexmk: Examining 'my_project.fls'
Latexmk: ============== Inequiv cwd_fls cwd 'C:/Users/chadi/Dropbox/GentzkowLabTemplate/4_paper/source' '/c/Users/chadi/Dropbox/GentzkowLabTemplate/4_paper/source'
Latexmk: Examining 'my_project.log'
Latexmk: Found input bbl file 'my_project.bbl'
Latexmk: Log file says output to 'my_project.pdf'
Latexmk: Found bibliography file(s):
  ./my_project.bib
Latexmk: All targets (my_project.pdf) are up-to-date

make.sh finished at 2024-09-12 09:25:07
